<?xml version="1.0" encoding="UTF-8"?>
<testng-results ignored="0" total="1" passed="1" failed="0" skipped="0">
  <reporter-output>
  </reporter-output>
  <suite started-at="2020-10-15T14:16:12 IST" name="Default suite" finished-at="2020-10-15T14:16:33 IST" duration-ms="20350">
    <groups>
    </groups>
    <test started-at="2020-10-15T14:16:12 IST" name="Default test" finished-at="2020-10-15T14:16:33 IST" duration-ms="20350">
      <class name="test.NewTest">
        <test-method signature="f()[pri:0, instance:test.NewTest@38e79ae3]" started-at="2020-10-15T14:16:13 IST" name="f" finished-at="2020-10-15T14:16:33 IST" duration-ms="20134" status="PASS">
          <reporter-output>
          </reporter-output>
        </test-method> <!-- f -->
      </class> <!-- test.NewTest -->
    </test> <!-- Default test -->
  </suite> <!-- Default suite -->
</testng-results>
