<?xml version="1.0" encoding="UTF-8"?>
<testng-results ignored="0" total="1" passed="1" failed="0" skipped="0">
  <reporter-output>
  </reporter-output>
  <suite started-at="2020-10-15T12:40:20 IST" name="Default suite" finished-at="2020-10-15T12:40:33 IST" duration-ms="13136">
    <groups>
    </groups>
    <test started-at="2020-10-15T12:40:20 IST" name="Default test" finished-at="2020-10-15T12:40:33 IST" duration-ms="13136">
      <class name="userdef.NewTest">
        <test-method signature="f()[pri:0, instance:userdef.NewTest@38e79ae3]" started-at="2020-10-15T12:40:20 IST" name="f" finished-at="2020-10-15T12:40:33 IST" duration-ms="13023" status="PASS">
          <reporter-output>
          </reporter-output>
        </test-method> <!-- f -->
      </class> <!-- userdef.NewTest -->
    </test> <!-- Default test -->
  </suite> <!-- Default suite -->
</testng-results>
